<?xml version="1.0" encoding="UTF-8"?>
<!-- Generated by org.testng.reporters.JUnitReportReporter -->
<testsuite skipped="0" hostname="Swati" name="test.TheInternetHerokuappComPageTest" tests="1" failures="0" timestamp="2020-02-12T21:04:16 AEDT" time="6.218" errors="0">
  <testcase name="theinternetherokuapppage" time="6.218" classname="test.TheInternetHerokuappComPageTest"/>
  <system-out/>
</testsuite> <!-- test.TheInternetHerokuappComPageTest -->
