<?xml version="1.0" encoding="UTF-8"?>
<!-- Generated by org.testng.reporters.JUnitReportReporter -->
<testsuite skipped="0" hostname="Swati" name="test.TestNG" tests="1" failures="0" timestamp="2020-02-12T21:00:18 AEDT" time="8.382" errors="0">
  <testcase name="theinternetherokuapppage" time="8.382" classname="test.TestNG"/>
  <system-out/>
</testsuite> <!-- test.TestNG -->
